2017-11-01 00:08:32.7792|DEBUG|Eng360Web.Models.Authentication.BasicAuthenticationMessageHandler|Raw Http Message: 
2017-11-01 00:08:32.7813|DEBUG|Eng360Web.Models.Authentication.BasicAuthenticationMessageHandler|isAuthenticated : True
2017-11-01 00:15:48.2539|DEBUG|Eng360Web.Models.Authentication.BasicAuthenticationMessageHandler|Raw Http Message: 
2017-11-01 00:15:48.2539|DEBUG|Eng360Web.Models.Authentication.BasicAuthenticationMessageHandler|isAuthenticated : True
2017-11-01 00:16:05.1196|DEBUG|Eng360Web.Models.Authentication.BasicAuthenticationMessageHandler|Raw Http Message: 
2017-11-01 00:16:05.1196|INFO|Eng360Web.Models.Authentication.BasicAuthenticationMessageHandler|UserName:sv2 - Type:User
2017-11-01 00:16:05.1361|DEBUG|Eng360Web.Models.Authentication.BasicAuthenticationMessageHandler|isAuthenticated : True
2017-11-01 00:16:22.8994|DEBUG|Eng360Web.Models.Authentication.BasicAuthenticationMessageHandler|Raw Http Message: 
2017-11-01 00:16:22.8994|INFO|Eng360Web.Models.Authentication.BasicAuthenticationMessageHandler|UserName:sv2 - Type:User
2017-11-01 00:16:22.8994|DEBUG|Eng360Web.Models.Authentication.BasicAuthenticationMessageHandler|isAuthenticated : True
2017-11-01 00:16:25.8863|DEBUG|Eng360Web.Models.Authentication.BasicAuthenticationMessageHandler|Raw Http Message: 
2017-11-01 00:16:25.8903|INFO|Eng360Web.Models.Authentication.BasicAuthenticationMessageHandler|UserName:sv2 - Type:User
2017-11-01 00:16:25.8903|DEBUG|Eng360Web.Models.Authentication.BasicAuthenticationMessageHandler|isAuthenticated : True
2017-11-01 00:16:26.1149|DEBUG|Eng360Web.Models.Authentication.BasicAuthenticationMessageHandler|Raw Http Message: 
2017-11-01 00:16:26.1149|INFO|Eng360Web.Models.Authentication.BasicAuthenticationMessageHandler|UserName:sv2 - Type:User
2017-11-01 00:16:26.1149|DEBUG|Eng360Web.Models.Authentication.BasicAuthenticationMessageHandler|isAuthenticated : True
2017-11-01 00:18:04.0475|DEBUG|Eng360Web.Models.Authentication.BasicAuthenticationMessageHandler|Raw Http Message: 
2017-11-01 00:18:04.0475|INFO|Eng360Web.Models.Authentication.BasicAuthenticationMessageHandler|UserName:sv2 - Type:User
2017-11-01 00:18:04.0475|DEBUG|Eng360Web.Models.Authentication.BasicAuthenticationMessageHandler|isAuthenticated : True
2017-11-01 00:18:27.7581|DEBUG|Eng360Web.Models.Authentication.BasicAuthenticationMessageHandler|Raw Http Message: 
2017-11-01 00:18:27.7581|INFO|Eng360Web.Models.Authentication.BasicAuthenticationMessageHandler|UserName:sv2 - Type:User
2017-11-01 00:18:27.7581|DEBUG|Eng360Web.Models.Authentication.BasicAuthenticationMessageHandler|isAuthenticated : True
2017-11-01 00:18:27.8228|DEBUG|Eng360Web.Models.Authentication.BasicAuthenticationMessageHandler|Raw Http Message: 
2017-11-01 00:18:27.8228|INFO|Eng360Web.Models.Authentication.BasicAuthenticationMessageHandler|UserName:sv2 - Type:User
2017-11-01 00:18:27.8228|DEBUG|Eng360Web.Models.Authentication.BasicAuthenticationMessageHandler|isAuthenticated : True
2017-11-01 00:18:45.9170|DEBUG|Eng360Web.Models.Authentication.BasicAuthenticationMessageHandler|Raw Http Message: 
2017-11-01 00:18:45.9170|INFO|Eng360Web.Models.Authentication.BasicAuthenticationMessageHandler|UserName:sv2 - Type:User
2017-11-01 00:18:45.9170|DEBUG|Eng360Web.Models.Authentication.BasicAuthenticationMessageHandler|isAuthenticated : True
2017-11-01 00:18:50.2917|DEBUG|Eng360Web.Models.Authentication.BasicAuthenticationMessageHandler|Raw Http Message: 
2017-11-01 00:18:50.2917|INFO|Eng360Web.Models.Authentication.BasicAuthenticationMessageHandler|UserName:sv2 - Type:User
2017-11-01 00:18:50.2917|DEBUG|Eng360Web.Models.Authentication.BasicAuthenticationMessageHandler|Raw Http Message: 
2017-11-01 00:18:50.2917|INFO|Eng360Web.Models.Authentication.BasicAuthenticationMessageHandler|UserName:sv2 - Type:User
2017-11-01 00:18:50.2967|DEBUG|Eng360Web.Models.Authentication.BasicAuthenticationMessageHandler|isAuthenticated : True
2017-11-01 00:18:50.2967|DEBUG|Eng360Web.Models.Authentication.BasicAuthenticationMessageHandler|isAuthenticated : True
2017-11-01 00:26:50.0741|DEBUG|Eng360Web.Models.Authentication.BasicAuthenticationMessageHandler|Raw Http Message: 
2017-11-01 00:26:50.0786|DEBUG|Eng360Web.Models.Authentication.BasicAuthenticationMessageHandler|isAuthenticated : True
2017-11-01 00:27:37.9585|DEBUG|Eng360Web.Models.Authentication.BasicAuthenticationMessageHandler|Raw Http Message: 
2017-11-01 00:27:37.9585|INFO|Eng360Web.Models.Authentication.BasicAuthenticationMessageHandler|UserName:sv2 - Type:User
2017-11-01 00:27:37.9585|DEBUG|Eng360Web.Models.Authentication.BasicAuthenticationMessageHandler|isAuthenticated : True
2017-11-01 00:27:43.5097|DEBUG|Eng360Web.Models.Authentication.BasicAuthenticationMessageHandler|Raw Http Message: 
2017-11-01 00:27:43.5097|INFO|Eng360Web.Models.Authentication.BasicAuthenticationMessageHandler|UserName:sv2 - Type:User
2017-11-01 00:27:43.5162|DEBUG|Eng360Web.Models.Authentication.BasicAuthenticationMessageHandler|isAuthenticated : True
2017-11-01 20:11:08.9028|DEBUG|Eng360Web.MvcApplication|Raw Http Message: 
2017-11-01 20:11:08.9379|DEBUG|Eng360Web.MvcApplication|isAuthenticated : True
2017-11-01 20:39:08.4149|DEBUG|Eng360Web.Models.Authentication.BasicAuthenticationMessageHandler|Raw Http Message: 
2017-11-01 20:39:08.4326|DEBUG|Eng360Web.Models.Authentication.BasicAuthenticationMessageHandler|isAuthenticated : False
2017-11-01 20:39:08.4326|DEBUG|Eng360Web.Models.Authentication.BasicAuthenticationMessageHandler|return 401
2017-11-01 20:39:23.3464|DEBUG|Eng360Web.Models.Authentication.BasicAuthenticationMessageHandler|Raw Http Message: 
2017-11-01 20:39:23.3464|DEBUG|Eng360Web.Models.Authentication.BasicAuthenticationMessageHandler|isAuthenticated : False
2017-11-01 20:39:23.3564|DEBUG|Eng360Web.Models.Authentication.BasicAuthenticationMessageHandler|return 401
2017-11-01 20:40:39.7871|DEBUG|Eng360Web.Models.Authentication.BasicAuthenticationMessageHandler|Raw Http Message: 
2017-11-01 20:40:39.8031|DEBUG|Eng360Web.Models.Authentication.BasicAuthenticationMessageHandler|isAuthenticated : True
2017-11-01 21:09:05.2904|DEBUG|Eng360Web.Models.Authentication.BasicAuthenticationMessageHandler|Raw Http Message: 
2017-11-01 21:09:08.7304|DEBUG|Eng360Web.Models.Authentication.BasicAuthenticationMessageHandler|isAuthenticated : True
2017-11-01 21:09:18.0832|DEBUG|Eng360Web.Models.Authentication.BasicAuthenticationMessageHandler|Raw Http Message: 
2017-11-01 21:09:18.0832|INFO|Eng360Web.Models.Authentication.BasicAuthenticationMessageHandler|UserName:anandh - Type:User
2017-11-01 21:09:18.0922|DEBUG|Eng360Web.Models.Authentication.BasicAuthenticationMessageHandler|isAuthenticated : True
2017-11-01 21:09:33.8590|DEBUG|Eng360Web.Models.Authentication.BasicAuthenticationMessageHandler|Raw Http Message: 
2017-11-01 21:09:33.8590|INFO|Eng360Web.Models.Authentication.BasicAuthenticationMessageHandler|UserName:anandh - Type:User
2017-11-01 21:09:33.8590|DEBUG|Eng360Web.Models.Authentication.BasicAuthenticationMessageHandler|isAuthenticated : True
2017-11-01 21:09:33.9021|DEBUG|Eng360Web.Models.Authentication.BasicAuthenticationMessageHandler|Raw Http Message: 
2017-11-01 21:09:33.9021|INFO|Eng360Web.Models.Authentication.BasicAuthenticationMessageHandler|UserName:anandh - Type:User
2017-11-01 21:09:33.9021|DEBUG|Eng360Web.Models.Authentication.BasicAuthenticationMessageHandler|isAuthenticated : True
2017-11-01 21:10:46.4984|DEBUG|Eng360Web.Models.Authentication.BasicAuthenticationMessageHandler|Raw Http Message: 
2017-11-01 21:10:46.4984|INFO|Eng360Web.Models.Authentication.BasicAuthenticationMessageHandler|UserName:anandh - Type:User
2017-11-01 21:10:46.5129|DEBUG|Eng360Web.Models.Authentication.BasicAuthenticationMessageHandler|isAuthenticated : True
2017-11-01 21:10:57.6836|DEBUG|Eng360Web.Models.Authentication.BasicAuthenticationMessageHandler|Raw Http Message: 
2017-11-01 21:10:57.6836|INFO|Eng360Web.Models.Authentication.BasicAuthenticationMessageHandler|UserName:anandh - Type:User
2017-11-01 21:10:57.6836|DEBUG|Eng360Web.Models.Authentication.BasicAuthenticationMessageHandler|isAuthenticated : True
2017-11-01 21:10:57.7959|DEBUG|Eng360Web.Models.Authentication.BasicAuthenticationMessageHandler|Raw Http Message: 
2017-11-01 21:10:57.7959|INFO|Eng360Web.Models.Authentication.BasicAuthenticationMessageHandler|UserName:anandh - Type:User
2017-11-01 21:10:57.7959|DEBUG|Eng360Web.Models.Authentication.BasicAuthenticationMessageHandler|isAuthenticated : True
2017-11-01 21:11:12.7749|DEBUG|Eng360Web.Models.Authentication.BasicAuthenticationMessageHandler|Raw Http Message: 
2017-11-01 21:11:12.7749|INFO|Eng360Web.Models.Authentication.BasicAuthenticationMessageHandler|UserName:anandh - Type:User
2017-11-01 21:11:12.7749|DEBUG|Eng360Web.Models.Authentication.BasicAuthenticationMessageHandler|isAuthenticated : True
2017-11-01 21:11:16.7958|DEBUG|Eng360Web.Models.Authentication.BasicAuthenticationMessageHandler|Raw Http Message: {"ProjectReportID":0,"ProjectID":1,"ReportDate":"11/01/2017","Start_Date_Time":"08:00","End_Date_Time":"18:00","Task_Description":"sdsds","Quantity":45,"TaskStatusID":2,"Remarks":"dsdsd","Resource_name":"svtest1, svtest2","ProjectName":null,"ClientName":null,"Location":null,"TotalHrsReported":null,"TotalOTHrsReported":null,"CreatedDate":"2017-11-01T13:11:16.135069+00:00","UpdatedDate":"0001-01-01T00:00:00","CreatedBy":1,"UpdatedBy":null,"files":[]}
2017-11-01 21:11:16.7958|INFO|Eng360Web.Models.Authentication.BasicAuthenticationMessageHandler|UserName:anandh - Type:User
2017-11-01 21:11:16.7958|DEBUG|Eng360Web.Models.Authentication.BasicAuthenticationMessageHandler|isAuthenticated : True
2017-11-01 21:11:17.3730|DEBUG|Eng360Web.Models.Authentication.BasicAuthenticationMessageHandler|Raw Http Message: 
2017-11-01 21:11:17.3730|INFO|Eng360Web.Models.Authentication.BasicAuthenticationMessageHandler|UserName:anandh - Type:User
2017-11-01 21:11:17.3730|DEBUG|Eng360Web.Models.Authentication.BasicAuthenticationMessageHandler|isAuthenticated : True
2017-11-01 21:12:04.5615|DEBUG|Eng360Web.Models.Authentication.BasicAuthenticationMessageHandler|Raw Http Message: 
2017-11-01 21:12:04.5615|DEBUG|Eng360Web.Models.Authentication.BasicAuthenticationMessageHandler|isAuthenticated : True
2017-11-01 21:12:09.3844|DEBUG|Eng360Web.Models.Authentication.BasicAuthenticationMessageHandler|Raw Http Message: 
2017-11-01 21:12:09.3844|INFO|Eng360Web.Models.Authentication.BasicAuthenticationMessageHandler|UserName:sv2 - Type:User
2017-11-01 21:12:09.3844|DEBUG|Eng360Web.Models.Authentication.BasicAuthenticationMessageHandler|isAuthenticated : True
2017-11-01 21:13:22.0134|DEBUG|Eng360Web.Models.Authentication.BasicAuthenticationMessageHandler|Raw Http Message: 
2017-11-01 21:13:22.0134|INFO|Eng360Web.Models.Authentication.BasicAuthenticationMessageHandler|UserName:sv2 - Type:User
2017-11-01 21:13:22.0134|DEBUG|Eng360Web.Models.Authentication.BasicAuthenticationMessageHandler|isAuthenticated : True
2017-11-01 21:13:29.6013|DEBUG|Eng360Web.Models.Authentication.BasicAuthenticationMessageHandler|Raw Http Message: 
2017-11-01 21:13:29.6018|INFO|Eng360Web.Models.Authentication.BasicAuthenticationMessageHandler|UserName:sv2 - Type:User
2017-11-01 21:13:29.6018|DEBUG|Eng360Web.Models.Authentication.BasicAuthenticationMessageHandler|isAuthenticated : True
2017-11-01 21:13:33.3871|DEBUG|Eng360Web.Models.Authentication.BasicAuthenticationMessageHandler|Raw Http Message: 
2017-11-01 21:13:33.3871|INFO|Eng360Web.Models.Authentication.BasicAuthenticationMessageHandler|UserName:sv2 - Type:User
2017-11-01 21:13:33.3871|DEBUG|Eng360Web.Models.Authentication.BasicAuthenticationMessageHandler|isAuthenticated : True
2017-11-01 21:13:33.4081|DEBUG|Eng360Web.Models.Authentication.BasicAuthenticationMessageHandler|Raw Http Message: 
2017-11-01 21:13:33.4081|INFO|Eng360Web.Models.Authentication.BasicAuthenticationMessageHandler|UserName:sv2 - Type:User
2017-11-01 21:13:33.4081|DEBUG|Eng360Web.Models.Authentication.BasicAuthenticationMessageHandler|isAuthenticated : True
2017-11-01 21:15:04.0941|DEBUG|Eng360Web.Models.Authentication.BasicAuthenticationMessageHandler|Raw Http Message: 
2017-11-01 21:15:04.0941|INFO|Eng360Web.Models.Authentication.BasicAuthenticationMessageHandler|UserName:sv2 - Type:User
2017-11-01 21:15:04.0941|DEBUG|Eng360Web.Models.Authentication.BasicAuthenticationMessageHandler|isAuthenticated : True
2017-11-01 21:15:08.0973|DEBUG|Eng360Web.Models.Authentication.BasicAuthenticationMessageHandler|Raw Http Message: {"TEID":0,"EmpID":3,"ProjectID":1003,"ReportDate":"01/11/2017","Work_Start_Time":"08:00","Work_End_Time":"18:00","Ot_Start_Time":"18:00","Ot_End_Time":"22:00","No_of_WorkHours":null,"No_of_OtHours":null,"Remarks":"Mobile test","SubmittedBy":6,"SubmittedDate":null,"UpdatedBy":null,"UpdatedDate":null,"FirstName":"svtest1","ProjectName":null}
2017-11-01 21:15:08.0973|INFO|Eng360Web.Models.Authentication.BasicAuthenticationMessageHandler|UserName:sv2 - Type:User
2017-11-01 21:15:08.0973|DEBUG|Eng360Web.Models.Authentication.BasicAuthenticationMessageHandler|isAuthenticated : True
2017-11-01 21:15:09.2026|DEBUG|Eng360Web.Models.Authentication.BasicAuthenticationMessageHandler|Raw Http Message: 
2017-11-01 21:15:09.2026|INFO|Eng360Web.Models.Authentication.BasicAuthenticationMessageHandler|UserName:sv2 - Type:User
2017-11-01 21:15:09.2026|DEBUG|Eng360Web.Models.Authentication.BasicAuthenticationMessageHandler|isAuthenticated : True
2017-11-01 21:15:22.5136|DEBUG|Eng360Web.Models.Authentication.BasicAuthenticationMessageHandler|Raw Http Message: 
2017-11-01 21:15:22.5136|INFO|Eng360Web.Models.Authentication.BasicAuthenticationMessageHandler|UserName:sv2 - Type:User
2017-11-01 21:15:22.5136|DEBUG|Eng360Web.Models.Authentication.BasicAuthenticationMessageHandler|isAuthenticated : True
2017-11-01 21:17:09.4392|DEBUG|Eng360Web.Models.Authentication.BasicAuthenticationMessageHandler|Raw Http Message: 
2017-11-01 21:17:09.4557|INFO|Eng360Web.Models.Authentication.BasicAuthenticationMessageHandler|UserName:sv2 - Type:User
2017-11-01 21:17:09.8793|DEBUG|Eng360Web.Models.Authentication.BasicAuthenticationMessageHandler|isAuthenticated : True
2017-11-01 21:18:02.0415|DEBUG|Eng360Web.Models.Authentication.BasicAuthenticationMessageHandler|Raw Http Message: 
2017-11-01 21:18:02.0415|INFO|Eng360Web.Models.Authentication.BasicAuthenticationMessageHandler|UserName:sv2 - Type:User
2017-11-01 21:18:02.0546|DEBUG|Eng360Web.Models.Authentication.BasicAuthenticationMessageHandler|isAuthenticated : True
