2018-10-08 10:15:35.7589|DEBUG|Eng360Web.MvcApplication|Raw Http Message: {"ProjectReportID":0,"ProjectID":3,"ReportDate":"31/01/2018","Start_Date_Time":"08:00","End_Date_Time":"18:00","Task_Description":"","Quantity":"10","TaskStatusID":1,"ProgressPercentage":"50","Remarks":"Pandees test1 from pandees mobile eng361 no pic","Resource_name":"Marimuthu(EMP00011)","ProjectName":null,"ClientName":null,"Location":null,"TotalHrsReported":null,"TotalOTHrsReported":null,"CreatedDate":"2018-10-06T12:35:45+05:30","UpdatedDate":"0001-01-01T00:00:00","CreatedBy":1,"UpdatedBy":null,"files":[{null}]}
2018-10-08 10:15:35.7786|INFO|Eng360Web.MvcApplication|UserName:admin - Type:admin
2018-10-08 10:15:35.8674|DEBUG|Eng360Web.MvcApplication|isAuthenticated : True
2018-10-08 10:15:36.0066|DEBUG|Eng360Web.Controllers.MobileLoginController|Project Report Error:
2018-10-08 10:15:36.0066|DEBUG|Eng360Web.Controllers.MobileLoginController|Object reference not set to an instance of an object.
2018-10-08 10:15:36.0227|DEBUG|Eng360Web.Controllers.MobileLoginController|   at Eng360Web.Controllers.MobileLoginController.CreateProjectReport(MobileProjectReportViewModel eng_project_report) in F:\Proj-Pandees\Eng360_Demo\WebApplication2\Controllers\MobileLoginController.cs:line 367
2018-10-08 10:17:10.1317|DEBUG|Eng360Web.Models.Authentication.BasicAuthenticationMessageHandler|Raw Http Message: {"ProjectReportID":0,"ProjectID":3,"ReportDate":"31/01/2018","Start_Date_Time":"08:00","End_Date_Time":"18:00","Task_Description":"","Quantity":"10","TaskStatusID":1,"ProgressPercentage":"50","Remarks":"Pandees test1 from pandees mobile eng361 no pic","Resource_name":"Marimuthu(EMP00011)","ProjectName":null,"ClientName":null,"Location":null,"TotalHrsReported":null,"TotalOTHrsReported":null,"CreatedDate":"2018-10-06T12:35:45+05:30","UpdatedDate":"0001-01-01T00:00:00","CreatedBy":1,"UpdatedBy":null,"files":[{null}]}
2018-10-08 10:17:10.1513|INFO|Eng360Web.Models.Authentication.BasicAuthenticationMessageHandler|UserName:admin - Type:admin
2018-10-08 10:17:10.2406|DEBUG|Eng360Web.Models.Authentication.BasicAuthenticationMessageHandler|isAuthenticated : True
2018-10-08 10:17:28.3968|DEBUG|Eng360Web.Controllers.MobileLoginController|Project Report Error:
2018-10-08 10:17:28.3968|DEBUG|Eng360Web.Controllers.MobileLoginController|Object reference not set to an instance of an object.
2018-10-08 10:17:28.3968|DEBUG|Eng360Web.Controllers.MobileLoginController|   at Eng360Web.Controllers.MobileLoginController.CreateProjectReport(MobileProjectReportViewModel eng_project_report) in F:\Proj-Pandees\Eng360_Demo\WebApplication2\Controllers\MobileLoginController.cs:line 370
2018-10-08 10:17:34.8357|DEBUG|Eng360Web.Models.Authentication.BasicAuthenticationMessageHandler|Raw Http Message: {"ProjectReportID":0,"ProjectID":3,"ReportDate":"31/01/2018","Start_Date_Time":"08:00","End_Date_Time":"18:00","Task_Description":"","Quantity":"10","TaskStatusID":1,"ProgressPercentage":"50","Remarks":"Pandees test1 from pandees mobile eng361 no pic","Resource_name":"Marimuthu(EMP00011)","ProjectName":null,"ClientName":null,"Location":null,"TotalHrsReported":null,"TotalOTHrsReported":null,"CreatedDate":"2018-10-06T12:35:45+05:30","UpdatedDate":"0001-01-01T00:00:00","CreatedBy":1,"UpdatedBy":null,"files":[{null}]}
2018-10-08 10:17:34.8357|INFO|Eng360Web.Models.Authentication.BasicAuthenticationMessageHandler|UserName:admin - Type:admin
2018-10-08 10:17:34.8357|DEBUG|Eng360Web.Models.Authentication.BasicAuthenticationMessageHandler|isAuthenticated : True
2018-10-08 10:18:01.1847|DEBUG|Eng360Web.Controllers.MobileLoginController|Project Report Error:
2018-10-08 10:18:01.1847|DEBUG|Eng360Web.Controllers.MobileLoginController|Object reference not set to an instance of an object.
2018-10-08 10:18:01.1847|DEBUG|Eng360Web.Controllers.MobileLoginController|   at Eng360Web.Controllers.MobileLoginController.CreateProjectReport(MobileProjectReportViewModel eng_project_report) in F:\Proj-Pandees\Eng360_Demo\WebApplication2\Controllers\MobileLoginController.cs:line 370
2018-10-08 10:19:34.3028|DEBUG|Eng360Web.Models.Authentication.BasicAuthenticationMessageHandler|Raw Http Message: {"ProjectReportID":0,"ProjectID":3,"ReportDate":"31/01/2018","Start_Date_Time":"08:00","End_Date_Time":"18:00","Task_Description":"","Quantity":"10","TaskStatusID":1,"ProgressPercentage":"50","Remarks":"Pandees test1 from pandees mobile eng361 no pic","Resource_name":"Marimuthu(EMP00011)","ProjectName":null,"ClientName":null,"Location":null,"TotalHrsReported":null,"TotalOTHrsReported":null,"CreatedDate":"2018-10-06T12:35:45+05:30","UpdatedDate":"0001-01-01T00:00:00","CreatedBy":1,"UpdatedBy":null,"files":[{null}]}
2018-10-08 10:19:34.3038|INFO|Eng360Web.Models.Authentication.BasicAuthenticationMessageHandler|UserName:admin - Type:admin
2018-10-08 10:19:34.3038|DEBUG|Eng360Web.Models.Authentication.BasicAuthenticationMessageHandler|isAuthenticated : True
2018-10-08 10:20:31.7305|DEBUG|Eng360Web.Models.Authentication.BasicAuthenticationMessageHandler|Raw Http Message: {"ProjectReportID":0,"ProjectID":3,"ReportDate":"31/01/2018","Start_Date_Time":"08:00","End_Date_Time":"18:00","Task_Description":"","Quantity":"10","TaskStatusID":1,"ProgressPercentage":"50","Remarks":"Pandees test1 from pandees mobile eng361 no pic","Resource_name":"Marimuthu(EMP00011)","ProjectName":null,"ClientName":null,"Location":null,"TotalHrsReported":null,"TotalOTHrsReported":null,"CreatedDate":"2018-10-06T12:35:45+05:30","UpdatedDate":"0001-01-01T00:00:00","CreatedBy":1,"UpdatedBy":null,"files":[{null}]}
2018-10-08 10:20:31.7305|INFO|Eng360Web.Models.Authentication.BasicAuthenticationMessageHandler|UserName:admin - Type:admin
2018-10-08 10:20:31.7415|DEBUG|Eng360Web.Models.Authentication.BasicAuthenticationMessageHandler|isAuthenticated : True
